"../../../Engine/Content/EditorResources/S_Actor.ubulk" 0
"../../../Engine/Content/EditorResources/S_Actor.uasset" 1
"../../../Engine/Content/EditorResources/S_Actor.uexp" 2
"../../../Engine/Content/EditorResources/S_BoxReflectionCapture.uasset" 3
"../../../Engine/Content/EditorResources/S_BoxReflectionCapture.uexp" 4
"../../../Engine/Content/EngineResources/DefaultTexture.ubulk" 5
"../../../Engine/Content/EngineResources/DefaultTexture.uasset" 6
"../../../Engine/Content/EngineResources/DefaultTexture.uexp" 7
"../../../Engine/Content/EngineResources/DefaultTextureCube.uasset" 8
"../../../Engine/Content/EngineResources/DefaultTextureCube.uexp" 9
"../../../Engine/Content/EngineResources/DefaultVolumeTexture2D.uasset" 10
"../../../Engine/Content/EngineResources/DefaultVolumeTexture2D.uexp" 11
"../../../Engine/Content/EngineResources/DefaultVolumeTexture.uasset" 12
"../../../Engine/Content/EngineResources/DefaultVolumeTexture.uexp" 13
"../../../Engine/Content/EditorResources/S_Trigger.ubulk" 14
"../../../Engine/Content/EditorResources/S_Trigger.uasset" 15
"../../../Engine/Content/EditorResources/S_Trigger.uexp" 16
"../../../Engine/Content/EditorResources/S_TriggerBox.uasset" 17
"../../../Engine/Content/EditorResources/S_TriggerBox.uexp" 18
"../../../Engine/Content/EditorResources/S_TriggerCapsule.uasset" 19
"../../../Engine/Content/EditorResources/S_TriggerCapsule.uexp" 20
"../../../Engine/Content/EditorResources/S_TriggerSphere.uasset" 21
"../../../Engine/Content/EditorResources/S_TriggerSphere.uexp" 22
"../../../Engine/Content/EngineMeshes/Sphere.ubulk" 23
"../../../Engine/Content/EngineMeshes/Sphere.uasset" 24
"../../../Engine/Content/EngineMeshes/Sphere.uexp" 25
"../../../Engine/Content/EngineResources/GradientTexture0.uasset" 26
"../../../Engine/Content/EngineResources/GradientTexture0.uexp" 27
"../../../Engine/Content/EngineResources/Black.uasset" 28
"../../../Engine/Content/EngineResources/Black.uexp" 29
"../../../Engine/Content/VREditor/LaserPointer/VR_LaserPower_01.ubulk" 30
"../../../Engine/Content/VREditor/LaserPointer/VR_LaserPower_01.uasset" 31
"../../../Engine/Content/VREditor/LaserPointer/VR_LaserPower_01.uexp" 32
"../../../Engine/Content/VREditor/TransformGizmo/TransformGizmoMaterial.uasset" 33
"../../../Engine/Content/VREditor/TransformGizmo/TransformGizmoMaterial.uexp" 34
"../../../Engine/Content/VREditor/TransformGizmo/TranslucentTransformGizmoMaterial.uasset" 35
"../../../Engine/Content/VREditor/TransformGizmo/TranslucentTransformGizmoMaterial.uexp" 36
"../../../Engine/Content/VREditor/TransformGizmo/PlaneTranslationHandle.ubulk" 37
"../../../Engine/Content/VREditor/TransformGizmo/PlaneTranslationHandle.uasset" 38
"../../../Engine/Content/VREditor/TransformGizmo/PlaneTranslationHandle.uexp" 39
"../../../Engine/Content/VREditor/TransformGizmo/BoundingBoxCorner.ubulk" 40
"../../../Engine/Content/VREditor/TransformGizmo/BoundingBoxCorner.uasset" 41
"../../../Engine/Content/VREditor/TransformGizmo/BoundingBoxCorner.uexp" 42
"../../../Engine/Content/VREditor/TransformGizmo/BoundingBoxEdge.ubulk" 43
"../../../Engine/Content/VREditor/TransformGizmo/BoundingBoxEdge.uasset" 44
"../../../Engine/Content/VREditor/TransformGizmo/BoundingBoxEdge.uexp" 45
"../../../Engine/Content/VREditor/TransformGizmo/Main.uasset" 46
"../../../Engine/Content/VREditor/TransformGizmo/Main.uexp" 47
"../../../Engine/Content/VREditor/TransformGizmo/Xray.uasset" 48
"../../../Engine/Content/VREditor/TransformGizmo/Xray.uexp" 49
"../../../Engine/Content/VREditor/TransformGizmo/SM_Sequencer_Node.ubulk" 50
"../../../Engine/Content/VREditor/TransformGizmo/SM_Sequencer_Node.uasset" 51
"../../../Engine/Content/VREditor/TransformGizmo/SM_Sequencer_Node.uexp" 52
"../../../Engine/Content/EditorMaterials/Camera/CineMat.uasset" 53
"../../../Engine/Content/EditorMaterials/Camera/CineMat.uexp" 54
"../../../Engine/Content/EditorMaterials/Camera/MI_CineMat_Rig.uasset" 55
"../../../Engine/Content/EditorMaterials/Camera/MI_CineMat_Rig.uexp" 56
"../../../Engine/Content/EditorMeshes/Camera/SM_CraneRig_Base.ubulk" 57
"../../../Engine/Content/EditorMeshes/Camera/SM_CraneRig_Base.uasset" 58
"../../../Engine/Content/EditorMeshes/Camera/SM_CraneRig_Base.uexp" 59
"../../../Engine/Content/EditorMeshes/Camera/SM_CraneRig_Arm.ubulk" 60
"../../../Engine/Content/EditorMeshes/Camera/SM_CraneRig_Arm.uasset" 61
"../../../Engine/Content/EditorMeshes/Camera/SM_CraneRig_Arm.uexp" 62
"../../../Engine/Content/EditorMeshes/Camera/SM_CraneRig_Mount.ubulk" 63
"../../../Engine/Content/EditorMeshes/Camera/SM_CraneRig_Mount.uasset" 64
"../../../Engine/Content/EditorMeshes/Camera/SM_CraneRig_Mount.uexp" 65
"../../../Engine/Content/EditorMeshes/Camera/SM_CraneRig_Body.ubulk" 66
"../../../Engine/Content/EditorMeshes/Camera/SM_CraneRig_Body.uasset" 67
"../../../Engine/Content/EditorMeshes/Camera/SM_CraneRig_Body.uexp" 68
"../../../Engine/Content/EditorMeshes/Camera/SM_RailRig_Track.ubulk" 69
"../../../Engine/Content/EditorMeshes/Camera/SM_RailRig_Track.uasset" 70
"../../../Engine/Content/EditorMeshes/Camera/SM_RailRig_Track.uexp" 71
"../../../Engine/Content/EditorMeshes/Camera/SM_RailRig_Mount.ubulk" 72
"../../../Engine/Content/EditorMeshes/Camera/SM_RailRig_Mount.uasset" 73
"../../../Engine/Content/EditorMeshes/Camera/SM_RailRig_Mount.uexp" 74
"../../../Engine/Content/EngineMaterials/T_Default_Material_Grid_M.ubulk" 75
"../../../Engine/Content/EngineMaterials/T_Default_Material_Grid_M.uasset" 76
"../../../Engine/Content/EngineMaterials/T_Default_Material_Grid_M.uexp" 77
"../../../Engine/Content/EngineMaterials/T_Default_Material_Grid_N.ubulk" 78
"../../../Engine/Content/EngineMaterials/T_Default_Material_Grid_N.uasset" 79
"../../../Engine/Content/EngineMaterials/T_Default_Material_Grid_N.uexp" 80
"../../../Engine/Content/Functions/Engine_MaterialFunctions01/Opacity/CameraDepthFade.uasset" 81
"../../../Engine/Content/Functions/Engine_MaterialFunctions01/Opacity/CameraDepthFade.uexp" 82
"../../../Engine/Content/EngineMaterials/WorldGridMaterial.uasset" 83
"../../../Engine/Content/EngineMaterials/WorldGridMaterial.uexp" 84
"../../../Engine/Content/ArtTools/RenderToTexture/Meshes/S_1_Unit_Plane.ubulk" 85
"../../../Engine/Content/ArtTools/RenderToTexture/Meshes/S_1_Unit_Plane.uasset" 86
"../../../Engine/Content/ArtTools/RenderToTexture/Meshes/S_1_Unit_Plane.uexp" 87
"../../../Engine/Content/EditorMaterials/ParticleSystems/PSysThumbnail_NoImage.ubulk" 88
"../../../Engine/Content/EditorMaterials/ParticleSystems/PSysThumbnail_NoImage.uasset" 89
"../../../Engine/Content/EditorMaterials/ParticleSystems/PSysThumbnail_NoImage.uexp" 90
"../../../Engine/Content/EditorMaterials/ParticleSystems/PSysThumbnail_OOD.ubulk" 91
"../../../Engine/Content/EditorMaterials/ParticleSystems/PSysThumbnail_OOD.uasset" 92
"../../../Engine/Content/EditorMaterials/ParticleSystems/PSysThumbnail_OOD.uexp" 93
"../../../Engine/Content/EditorLandscapeResources/SplineEditorMeshMat.uasset" 94
"../../../Engine/Content/EditorLandscapeResources/SplineEditorMeshMat.uexp" 95
"../../../Engine/Content/EditorLandscapeResources/SplineEditorMesh.ubulk" 96
"../../../Engine/Content/EditorLandscapeResources/SplineEditorMesh.uasset" 97
"../../../Engine/Content/EditorLandscapeResources/SplineEditorMesh.uexp" 98
"../../../Engine/Content/EditorMeshes/EditorSphere.ubulk" 99
"../../../Engine/Content/EditorMeshes/EditorSphere.uasset" 100
"../../../Engine/Content/EditorMeshes/EditorSphere.uexp" 101
"../../../Engine/Content/EditorResources/S_Solver.ubulk" 102
"../../../Engine/Content/EditorResources/S_Solver.uasset" 103
"../../../Engine/Content/EditorResources/S_Solver.uexp" 104
"../../../Engine/Plugins/Media/MediaPlate/Content/SM_MediaPlateScreen.ubulk" 105
"../../../Engine/Plugins/Media/MediaPlate/Content/SM_MediaPlateScreen.uasset" 106
"../../../Engine/Plugins/Media/MediaPlate/Content/SM_MediaPlateScreen.uexp" 107
"../../../Engine/Content/EngineMaterials/Good64x64TilingNoiseHighFreq.uasset" 108
"../../../Engine/Content/EngineMaterials/Good64x64TilingNoiseHighFreq.uexp" 109
"../../../Engine/Content/EngineMaterials/DefaultBokeh.uasset" 110
"../../../Engine/Content/EngineMaterials/DefaultBokeh.uexp" 111
"../../../Engine/Content/EngineMaterials/PreintegratedSkinBRDF.uasset" 112
"../../../Engine/Content/EngineMaterials/PreintegratedSkinBRDF.uexp" 113
"../../../Engine/Content/EngineMaterials/MiniFont.uasset" 114
"../../../Engine/Content/EngineMaterials/MiniFont.uexp" 115
"../../../Engine/Content/EngineMaterials/WeightMapPlaceholderTexture.uasset" 116
"../../../Engine/Content/EngineMaterials/WeightMapPlaceholderTexture.uexp" 117
"../../../Engine/Content/EngineMaterials/DefaultWhiteGrid.ubulk" 118
"../../../Engine/Content/EngineMaterials/DefaultWhiteGrid.uasset" 119
"../../../Engine/Content/EngineMaterials/DefaultWhiteGrid.uexp" 120
"../../../Engine/Content/Animation/DefaultRecorderBoneCompression.uasset" 121
"../../../Engine/Content/Animation/DefaultRecorderBoneCompression.uexp" 122
"../../../Engine/Content/Animation/DefaultAnimCurveCompressionSettings.uasset" 123
"../../../Engine/Content/Animation/DefaultAnimCurveCompressionSettings.uexp" 124
"../../../Engine/Content/Animation/DefaultAnimBoneCompressionSettings.uasset" 125
"../../../Engine/Content/Animation/DefaultAnimBoneCompressionSettings.uexp" 126
"../../../Engine/Content/EngineMaterials/DefaultMaterial.uasset" 127
"../../../Engine/Content/EngineMaterials/DefaultMaterial.uexp" 128
"../../../Engine/Content/BasicShapes/Sphere.ubulk" 129
"../../../Engine/Content/BasicShapes/Sphere.uasset" 130
"../../../Engine/Content/BasicShapes/Sphere.uexp" 131
"../../../Engine/Content/BasicShapes/Plane.ubulk" 132
"../../../Engine/Content/BasicShapes/Plane.uasset" 133
"../../../Engine/Content/BasicShapes/Plane.uexp" 134
"../../../Engine/Content/BasicShapes/Cylinder.ubulk" 135
"../../../Engine/Content/BasicShapes/Cylinder.uasset" 136
"../../../Engine/Content/BasicShapes/Cylinder.uexp" 137
"../../../Engine/Content/BasicShapes/Cube.ubulk" 138
"../../../Engine/Content/BasicShapes/Cube.uasset" 139
"../../../Engine/Content/BasicShapes/Cube.uexp" 140
"../../../Engine/Content/BasicShapes/Cone.ubulk" 141
"../../../Engine/Content/BasicShapes/Cone.uasset" 142
"../../../Engine/Content/BasicShapes/Cone.uexp" 143
"../../../Engine/Content/EditorLandscapeResources/DefaultAlphaTexture.uasset" 144
"../../../Engine/Content/EditorLandscapeResources/DefaultAlphaTexture.uexp" 145
"../../../Engine/Content/EditorLandscapeResources/DataLayer.uasset" 146
"../../../Engine/Content/EditorLandscapeResources/DataLayer.uexp" 147
"../../../Engine/Content/EditorMaterials/PreviewShadowIndicator.ubulk" 148
"../../../Engine/Content/EditorMaterials/PreviewShadowIndicator.uasset" 149
"../../../Engine/Content/EditorMaterials/PreviewShadowIndicator.uexp" 150
"../../../Engine/Content/EditorMaterials/PreviewShadowIndicatorMaterial.uasset" 151
"../../../Engine/Content/EditorMaterials/PreviewShadowIndicatorMaterial.uexp" 152
"../../../Engine/Content/EditorMaterials/PhAT_UnselectedMaterial.uasset" 153
"../../../Engine/Content/EditorMaterials/PhAT_UnselectedMaterial.uexp" 154
"../../../Engine/Content/EditorMaterials/PhAT_NoCollisionMaterial.uasset" 155
"../../../Engine/Content/EditorMaterials/PhAT_NoCollisionMaterial.uexp" 156
"../../../Engine/Content/Functions/Engine_MaterialFunctions02/Utility/MakeFloat4.uasset" 157
"../../../Engine/Content/Functions/Engine_MaterialFunctions02/Utility/MakeFloat4.uexp" 158
"../../../Engine/Content/Functions/Engine_MaterialFunctions02/Utility/MakeFloat3.uasset" 159
"../../../Engine/Content/Functions/Engine_MaterialFunctions02/Utility/MakeFloat3.uexp" 160
"../../../Engine/Content/Functions/Engine_MaterialFunctions02/Utility/BreakOutFloat3Components.uasset" 161
"../../../Engine/Content/Functions/Engine_MaterialFunctions02/Utility/BreakOutFloat3Components.uexp" 162
"../../../Engine/Content/EditorMaterials/WorldPartition/WorldPartitionSpatialHashGridPreviewMaterial.uasset" 163
"../../../Engine/Content/EditorMaterials/WorldPartition/WorldPartitionSpatialHashGridPreviewMaterial.uexp" 164
"../../../Engine/Content/EditorResources/S_Terrain.ubulk" 165
"../../../Engine/Content/EditorResources/S_Terrain.uasset" 166
"../../../Engine/Content/EditorResources/S_Terrain.uexp" 167
"../../../Engine/Content/EditorResources/EmptyActor.uasset" 168
"../../../Engine/Content/EditorResources/EmptyActor.uexp" 169
"../../../Engine/Content/EditorResources/BSPVertex.uasset" 170
"../../../Engine/Content/EditorResources/BSPVertex.uexp" 171
"../../../Engine/Content/EditorResources/SequenceRecorder/RecordingIndicator.uasset" 172
"../../../Engine/Content/EditorResources/SequenceRecorder/RecordingIndicator.uexp" 173
"../../../Engine/Content/EditorResources/SequenceRecorder/Countdown.uasset" 174
"../../../Engine/Content/EditorResources/SequenceRecorder/Countdown.uexp" 175
"../../../Engine/Content/EngineDamageTypes/DmgTypeBP_Environmental.uasset" 176
"../../../Engine/Content/EngineDamageTypes/DmgTypeBP_Environmental.uexp" 177
"../../../Engine/Content/Functions/Engine_MaterialFunctions02/Utility/CameraDirectionVector.uasset" 178
"../../../Engine/Content/Functions/Engine_MaterialFunctions02/Utility/CameraDirectionVector.uexp" 179
"../../../Engine/Content/EngineDebugMaterials/VolumeToRender.uasset" 180
"../../../Engine/Content/EngineDebugMaterials/VolumeToRender.uexp" 181
"../../../Engine/Content/EngineDebugMaterials/M_VolumeRenderSphereTracePP.uasset" 182
"../../../Engine/Content/EngineDebugMaterials/M_VolumeRenderSphereTracePP.uexp" 183
"../../../Engine/Content/EngineDebugMaterials/M_SimpleUnlitTranslucent.uasset" 184
"../../../Engine/Content/EngineDebugMaterials/M_SimpleUnlitTranslucent.uexp" 185
"../../../Engine/Content/EngineDebugMaterials/DebugMeshMaterial.uasset" 186
"../../../Engine/Content/EngineDebugMaterials/DebugMeshMaterial.uexp" 187
"../../../Engine/Content/EngineDebugMaterials/DebugEditorMaterial.uasset" 188
"../../../Engine/Content/EngineDebugMaterials/DebugEditorMaterial.uexp" 189
"../../../Engine/Content/EngineFonts/Faces/RobotoLight.uexp" 190
"../../../Engine/Content/EngineFonts/Faces/RobotoLight.uasset" 191
"../../../Engine/Content/EngineFonts/Faces/RobotoLight.ufont" 192
"../../../Engine/Content/EngineFonts/Faces/RobotoBold.uexp" 193
"../../../Engine/Content/EngineFonts/Faces/RobotoBold.uasset" 194
"../../../Engine/Content/EngineFonts/Faces/RobotoBold.ufont" 195
"../../../Engine/Content/EngineFonts/Faces/RobotoRegular.uexp" 196
"../../../Engine/Content/EngineFonts/Faces/RobotoRegular.uasset" 197
"../../../Engine/Content/EngineFonts/Faces/RobotoRegular.ufont" 198
"../../../Engine/Content/EngineFonts/Faces/DroidSansFallback.uexp" 199
"../../../Engine/Content/EngineFonts/Faces/DroidSansFallback.uasset" 200
"../../../Engine/Content/EngineFonts/Faces/DroidSansFallback.ufont" 201
"../../../Engine/Content/EngineFonts/Faces/RobotoItalic.uexp" 202
"../../../Engine/Content/EngineFonts/Faces/RobotoItalic.uasset" 203
"../../../Engine/Content/EngineFonts/Faces/RobotoItalic.ufont" 204
"../../../Engine/Content/EngineFonts/Faces/RobotoBoldItalic.uexp" 205
"../../../Engine/Content/EngineFonts/Faces/RobotoBoldItalic.uasset" 206
"../../../Engine/Content/EngineFonts/Faces/RobotoBoldItalic.ufont" 207
"../../../Engine/Content/EngineFonts/Roboto.uasset" 208
"../../../Engine/Content/EngineFonts/Roboto.uexp" 209
"../../../Engine/Content/EngineResources/WhiteSquareTexture.uasset" 210
"../../../Engine/Content/EngineResources/WhiteSquareTexture.uexp" 211
"../../../Engine/Content/EngineMaterials/Widget3DPassThrough.uasset" 212
"../../../Engine/Content/EngineMaterials/Widget3DPassThrough.uexp" 213
"../../../Engine/Content/EngineMaterials/Widget3DPassThrough_Translucent.uasset" 214
"../../../Engine/Content/EngineMaterials/Widget3DPassThrough_Translucent.uexp" 215
"../../../Engine/Content/EngineMaterials/Widget3DPassThrough_Translucent_OneSided.uasset" 216
"../../../Engine/Content/EngineMaterials/Widget3DPassThrough_Translucent_OneSided.uexp" 217
"../../../Engine/Content/EngineMaterials/Widget3DPassThrough_Opaque.uasset" 218
"../../../Engine/Content/EngineMaterials/Widget3DPassThrough_Opaque.uexp" 219
"../../../Engine/Content/EngineMaterials/Widget3DPassThrough_Opaque_OneSided.uasset" 220
"../../../Engine/Content/EngineMaterials/Widget3DPassThrough_Opaque_OneSided.uexp" 221
"../../../Engine/Content/EngineMaterials/Widget3DPassThrough_Masked_OneSided.uasset" 222
"../../../Engine/Content/EngineMaterials/Widget3DPassThrough_Masked_OneSided.uexp" 223
"../../../Engine/Content/EngineMaterials/Widget3DPassThrough_Masked.uasset" 224
"../../../Engine/Content/EngineMaterials/Widget3DPassThrough_Masked.uexp" 225
"../../../Engine/Content/EngineMaterials/STBlueNoise_vec2_128x128x64.uasset" 226
"../../../Engine/Content/EngineMaterials/STBlueNoise_vec2_128x128x64.uexp" 227
"../../../Engine/Content/EngineMaterials/STBlueNoise_scalar_128x128x64.uasset" 228
"../../../Engine/Content/EngineMaterials/STBlueNoise_scalar_128x128x64.uexp" 229
"../../../Engine/Content/EngineMaterials/RemoveSurfaceMaterial.uasset" 230
"../../../Engine/Content/EngineMaterials/RemoveSurfaceMaterial.uexp" 231
"../../../Engine/Content/EngineMaterials/DefaultCalibrationGrayscale.uasset" 232
"../../../Engine/Content/EngineMaterials/DefaultCalibrationGrayscale.uexp" 233
"../../../Engine/Content/EngineMaterials/PPM_DefaultCalibrationGrayscale.uasset" 234
"../../../Engine/Content/EngineMaterials/PPM_DefaultCalibrationGrayscale.uexp" 235
"../../../Engine/Content/EngineMaterials/DefaultCalibrationColor.uasset" 236
"../../../Engine/Content/EngineMaterials/DefaultCalibrationColor.uexp" 237
"../../../Engine/Content/EngineMaterials/PPM_DefaultCalibrationColor.uasset" 238
"../../../Engine/Content/EngineMaterials/PPM_DefaultCalibrationColor.uexp" 239
"../../../Engine/Content/Functions/Engine_MaterialFunctions02/WorldPositionOffset/CameraOffset.uasset" 240
"../../../Engine/Content/Functions/Engine_MaterialFunctions02/WorldPositionOffset/CameraOffset.uexp" 241
"../../../Engine/Content/EngineMaterials/PhAT_JointLimitMaterial.uasset" 242
"../../../Engine/Content/EngineMaterials/PhAT_JointLimitMaterial.uexp" 243
"../../../Engine/Content/EngineMaterials/InvalidLightmapSettings.ubulk" 244
"../../../Engine/Content/EngineMaterials/InvalidLightmapSettings.uasset" 245
"../../../Engine/Content/EngineMaterials/InvalidLightmapSettings.uexp" 246
"../../../Engine/Content/EngineMaterials/M_InvalidLightmapSettings.uasset" 247
"../../../Engine/Content/EngineMaterials/M_InvalidLightmapSettings.uexp" 248
"../../../Engine/Content/EngineMaterials/GizmoMaterial.uasset" 249
"../../../Engine/Content/EngineMaterials/GizmoMaterial.uexp" 250
"../../../Engine/Content/EngineMaterials/BaseFlattenEmissiveMap_VT.uasset" 251
"../../../Engine/Content/EngineMaterials/BaseFlattenEmissiveMap_VT.uexp" 252
"../../../Engine/Content/EngineMaterials/BaseFlattenGrayscaleMap_VT.uasset" 253
"../../../Engine/Content/EngineMaterials/BaseFlattenGrayscaleMap_VT.uexp" 254
"../../../Engine/Content/EngineMaterials/BaseFlattenLinearColor_VT.uasset" 255
"../../../Engine/Content/EngineMaterials/BaseFlattenLinearColor_VT.uexp" 256
"../../../Engine/Content/EngineMaterials/Black_1x1_EXR_Texture_VT.uasset" 257
"../../../Engine/Content/EngineMaterials/Black_1x1_EXR_Texture_VT.uexp" 258
"../../../Engine/Content/EngineMaterials/BaseFlattenDiffuseMap_VT.uasset" 259
"../../../Engine/Content/EngineMaterials/BaseFlattenDiffuseMap_VT.uexp" 260
"../../../Engine/Content/EngineMaterials/BaseFlattenNormalMap_VT.uasset" 261
"../../../Engine/Content/EngineMaterials/BaseFlattenNormalMap_VT.uexp" 262
"../../../Engine/Content/EngineMaterials/FlattenMaterial_WS_Normal_VT.uasset" 263
"../../../Engine/Content/EngineMaterials/FlattenMaterial_WS_Normal_VT.uexp" 264
"../../../Engine/Content/EngineMaterials/FlattenMaterial_VT.uasset" 265
"../../../Engine/Content/EngineMaterials/FlattenMaterial_VT.uexp" 266
"../../../Engine/Content/EngineMaterials/BaseFlattenNormalMap.uasset" 267
"../../../Engine/Content/EngineMaterials/BaseFlattenNormalMap.uexp" 268
"../../../Engine/Content/EngineMaterials/BaseFlattenGrayscaleMap.uasset" 269
"../../../Engine/Content/EngineMaterials/BaseFlattenGrayscaleMap.uexp" 270
"../../../Engine/Content/EngineMaterials/BaseFlattenDiffuseMap.uasset" 271
"../../../Engine/Content/EngineMaterials/BaseFlattenDiffuseMap.uexp" 272
"../../../Engine/Content/Functions/Engine_MaterialFunctions02/PivotPainter2/Black_1x1_EXR_Texture.uasset" 273
"../../../Engine/Content/Functions/Engine_MaterialFunctions02/PivotPainter2/Black_1x1_EXR_Texture.uexp" 274
"../../../Engine/Content/EngineMaterials/BaseFlattenEmissiveMap.uasset" 275
"../../../Engine/Content/EngineMaterials/BaseFlattenEmissiveMap.uexp" 276
"../../../Engine/Content/EngineMaterials/BaseFlattenLinearColor.uasset" 277
"../../../Engine/Content/EngineMaterials/BaseFlattenLinearColor.uexp" 278
"../../../Engine/Content/EngineMaterials/FlattenMaterial.uasset" 279
"../../../Engine/Content/EngineMaterials/FlattenMaterial.uexp" 280
"../../../Engine/Content/EngineMaterials/DefaultWhiteGrid_Low.uasset" 281
"../../../Engine/Content/EngineMaterials/DefaultWhiteGrid_Low.uexp" 282
"../../../Engine/Content/EngineMaterials/EmissiveMeshMaterial.uasset" 283
"../../../Engine/Content/EngineMaterials/EmissiveMeshMaterial.uexp" 284
"../../../Engine/Content/EngineFonts/RobotoDistanceField.uasset" 285
"../../../Engine/Content/EngineFonts/RobotoDistanceField.uexp" 286
"../../../Engine/Content/EngineMaterials/DefaultTextMaterialOpaque.uasset" 287
"../../../Engine/Content/EngineMaterials/DefaultTextMaterialOpaque.uexp" 288
"../../../Engine/Content/EngineMaterials/DefaultDiffuse.ubulk" 289
"../../../Engine/Content/EngineMaterials/DefaultDiffuse.uasset" 290
"../../../Engine/Content/EngineMaterials/DefaultDiffuse.uexp" 291
"../../../Engine/Content/Functions/Engine_MaterialFunctions02/Utility/BreakOutFloat2Components.uasset" 292
"../../../Engine/Content/Functions/Engine_MaterialFunctions02/Utility/BreakOutFloat2Components.uexp" 293
"../../../Engine/Content/EngineMaterials/DefaultPostProcessMaterial.uasset" 294
"../../../Engine/Content/EngineMaterials/DefaultPostProcessMaterial.uexp" 295
"../../../Engine/Content/EngineMaterials/DefaultPhysicalMaterial.uasset" 296
"../../../Engine/Content/EngineMaterials/DefaultPhysicalMaterial.uexp" 297
"../../../Engine/Content/EngineMaterials/DefaultLightFunctionMaterial.uasset" 298
"../../../Engine/Content/EngineMaterials/DefaultLightFunctionMaterial.uexp" 299
"../../../Engine/Content/EngineMaterials/DefaultDestructiblePhysicalMaterial.uasset" 300
"../../../Engine/Content/EngineMaterials/DefaultDestructiblePhysicalMaterial.uexp" 301
"../../../Engine/Content/EngineMaterials/DefaultDeferredDecalMaterial.uasset" 302
"../../../Engine/Content/EngineMaterials/DefaultDeferredDecalMaterial.uexp" 303
"../../../Engine/Content/EngineMaterials/DefaultBloomKernel.uasset" 304
"../../../Engine/Content/EngineMaterials/DefaultBloomKernel.uexp" 305
"../../../Engine/Content/EngineResources/FilmGrains/Marcie_Grain_v3_128_M2_000.uasset" 306
"../../../Engine/Content/EngineResources/FilmGrains/Marcie_Grain_v3_128_M2_000.uexp" 307
"../../../Engine/Content/EngineSky/VolumetricClouds/CloudWeatherTexture.uasset" 308
"../../../Engine/Content/EngineSky/VolumetricClouds/CloudWeatherTexture.uexp" 309
"../../../Engine/Content/Functions/Engine_MaterialFunctions02/Utility/MakeFloat2.uasset" 310
"../../../Engine/Content/Functions/Engine_MaterialFunctions02/Utility/MakeFloat2.uexp" 311
"../../../Engine/Content/EngineSky/VolumetricClouds/CloudGradientTexture.uasset" 312
"../../../Engine/Content/EngineSky/VolumetricClouds/CloudGradientTexture.uexp" 313
"../../../Engine/Content/EngineSky/VolumetricClouds/T_NoiseShape64.ubulk" 314
"../../../Engine/Content/EngineSky/VolumetricClouds/T_NoiseShape64.uasset" 315
"../../../Engine/Content/EngineSky/VolumetricClouds/T_NoiseShape64.uexp" 316
"../../../Engine/Content/EngineSky/VolumetricClouds/T_VolumeNoiseShape64.uasset" 317
"../../../Engine/Content/EngineSky/VolumetricClouds/T_VolumeNoiseShape64.uexp" 318
"../../../Engine/Content/EngineSky/VolumetricClouds/T_NoiseErosion.ubulk" 319
"../../../Engine/Content/EngineSky/VolumetricClouds/T_NoiseErosion.uasset" 320
"../../../Engine/Content/EngineSky/VolumetricClouds/T_NoiseErosion.uexp" 321
"../../../Engine/Content/EngineSky/VolumetricClouds/T_VolumeNoiseErosion32.uasset" 322
"../../../Engine/Content/EngineSky/VolumetricClouds/T_VolumeNoiseErosion32.uexp" 323
"../../../Engine/Content/EngineSky/VolumetricClouds/m_SimpleVolumetricCloud.uasset" 324
"../../../Engine/Content/EngineSky/VolumetricClouds/m_SimpleVolumetricCloud.uexp" 325
"../../../Engine/Content/EngineSky/VolumetricClouds/m_SimpleVolumetricCloud_Inst.uasset" 326
"../../../Engine/Content/EngineSky/VolumetricClouds/m_SimpleVolumetricCloud_Inst.uexp" 327
"../../../Engine/Content/EngineSounds/Master.uasset" 328
"../../../Engine/Content/EngineSounds/Master.uexp" 329
"../../../Engine/Content/Functions/Engine_MaterialFunctions01/Shading/PowerToRoughness.uasset" 330
"../../../Engine/Content/Functions/Engine_MaterialFunctions01/Shading/PowerToRoughness.uexp" 331
"../../../Engine/Content/MobileResources/HUD/VirtualJoystick_Background.uasset" 332
"../../../Engine/Content/MobileResources/HUD/VirtualJoystick_Background.uexp" 333
"../../../Engine/Content/MobileResources/HUD/VirtualJoystick_Thumb.uasset" 334
"../../../Engine/Content/MobileResources/HUD/VirtualJoystick_Thumb.uexp" 335
"../../../Engine/Content/MobileResources/HUD/DefaultVirtualJoysticks.uasset" 336
"../../../Engine/Content/MobileResources/HUD/DefaultVirtualJoysticks.uexp" 337
"../../../Engine/Plugins/Runtime/MeshModelingToolset/Content/Materials/M_DynamicMeshComponentVtxColor.uasset" 338
"../../../Engine/Plugins/Runtime/MeshModelingToolset/Content/Materials/M_DynamicMeshComponentVtxColor.uexp" 339
"../../../Engine/Plugins/Interchange/Runtime/Content/Pipelines/DefaultTexturePipeline.uasset" 340
"../../../Engine/Plugins/Interchange/Runtime/Content/Pipelines/DefaultTexturePipeline.uexp" 341
"../../../Engine/Plugins/Interchange/Runtime/Content/Pipelines/DefaultSceneLevelPipeline.uasset" 342
"../../../Engine/Plugins/Interchange/Runtime/Content/Pipelines/DefaultSceneLevelPipeline.uexp" 343
"../../../Engine/Plugins/Interchange/Runtime/Content/Pipelines/DefaultSceneAssetsPipeline.uasset" 344
"../../../Engine/Plugins/Interchange/Runtime/Content/Pipelines/DefaultSceneAssetsPipeline.uexp" 345
"../../../Engine/Plugins/Interchange/Runtime/Content/Pipelines/DefaultMaterialPipeline.uasset" 346
"../../../Engine/Plugins/Interchange/Runtime/Content/Pipelines/DefaultMaterialPipeline.uexp" 347
"../../../Engine/Plugins/Interchange/Runtime/Content/Pipelines/DefaultAssetsPipeline.uasset" 348
"../../../Engine/Plugins/Interchange/Runtime/Content/Pipelines/DefaultAssetsPipeline.uexp" 349
"../../../Engine/Plugins/Interchange/Runtime/Content/Materials/UnlitMaterial.uasset" 350
"../../../Engine/Plugins/Interchange/Runtime/Content/Materials/UnlitMaterial.uexp" 351
"../../../Engine/Content/EngineMaterials/DefaultNormal.ubulk" 352
"../../../Engine/Content/EngineMaterials/DefaultNormal.uasset" 353
"../../../Engine/Content/EngineMaterials/DefaultNormal.uexp" 354
"../../../Engine/Plugins/Interchange/Runtime/Content/Materials/MapOrScalarFunction.uasset" 355
"../../../Engine/Plugins/Interchange/Runtime/Content/Materials/MapOrScalarFunction.uexp" 356
"../../../Engine/Plugins/Interchange/Runtime/Content/Materials/MapOrLinearColorFunction.uasset" 357
"../../../Engine/Plugins/Interchange/Runtime/Content/Materials/MapOrLinearColorFunction.uexp" 358
"../../../Engine/Plugins/Interchange/Runtime/Content/Materials/MapOrColorFunction.uasset" 359
"../../../Engine/Plugins/Interchange/Runtime/Content/Materials/MapOrColorFunction.uexp" 360
"../../../Engine/Plugins/Interchange/Runtime/Content/Materials/CommonMaterial.uasset" 361
"../../../Engine/Plugins/Interchange/Runtime/Content/Materials/CommonMaterial.uexp" 362
"../../../Engine/Plugins/Interchange/Runtime/Content/Materials/PBRSurfaceFunction.uasset" 363
"../../../Engine/Plugins/Interchange/Runtime/Content/Materials/PBRSurfaceFunction.uexp" 364
"../../../Engine/Plugins/Interchange/Runtime/Content/Materials/ThinTranslucentMaterial.uasset" 365
"../../../Engine/Plugins/Interchange/Runtime/Content/Materials/ThinTranslucentMaterial.uexp" 366
"../../../Engine/Plugins/Interchange/Runtime/Content/Materials/SubsurfaceMaterial.uasset" 367
"../../../Engine/Plugins/Interchange/Runtime/Content/Materials/SubsurfaceMaterial.uexp" 368
"../../../Engine/Plugins/Interchange/Runtime/Content/Materials/SheenMaterial.uasset" 369
"../../../Engine/Plugins/Interchange/Runtime/Content/Materials/SheenMaterial.uexp" 370
"../../../Engine/Content/Functions/Engine_MaterialFunctions01/Shading/ConvertFromDiffSpec.uasset" 371
"../../../Engine/Content/Functions/Engine_MaterialFunctions01/Shading/ConvertFromDiffSpec.uexp" 372
"../../../Engine/Plugins/Interchange/Runtime/Content/Materials/PhongSurfaceMaterial.uasset" 373
"../../../Engine/Plugins/Interchange/Runtime/Content/Materials/PhongSurfaceMaterial.uexp" 374
"../../../Engine/Plugins/Interchange/Runtime/Content/Materials/PBRSurfaceMaterial.uasset" 375
"../../../Engine/Plugins/Interchange/Runtime/Content/Materials/PBRSurfaceMaterial.uexp" 376
"../../../Engine/Content/EngineMaterials/FlatNormal.uasset" 377
"../../../Engine/Content/EngineMaterials/FlatNormal.uexp" 378
"../../../Engine/Plugins/Interchange/Runtime/Content/Functions/MF_OrenNayerView.uasset" 379
"../../../Engine/Plugins/Interchange/Runtime/Content/Functions/MF_OrenNayerView.uexp" 380
"../../../Engine/Content/EditorLandscapeResources/WhiteSquareTexture.uasset" 381
"../../../Engine/Content/EditorLandscapeResources/WhiteSquareTexture.uexp" 382
"../../../Engine/Plugins/Interchange/Runtime/Content/Functions/MF_SchlickApprox.uasset" 383
"../../../Engine/Plugins/Interchange/Runtime/Content/Functions/MF_SchlickApprox.uexp" 384
"../../../Engine/Plugins/Interchange/Runtime/Content/Utilities/New_LUT.uasset" 385
"../../../Engine/Plugins/Interchange/Runtime/Content/Utilities/New_LUT.uexp" 386
"../../../Engine/Content/Functions/Engine_MaterialFunctions03/Math/RemapValueRange.uasset" 387
"../../../Engine/Content/Functions/Engine_MaterialFunctions03/Math/RemapValueRange.uexp" 388
"../../../Engine/Plugins/Interchange/Runtime/Content/Functions/MF_Iridescence.uasset" 389
"../../../Engine/Plugins/Interchange/Runtime/Content/Functions/MF_Iridescence.uexp" 390
"../../../Engine/Plugins/Interchange/Runtime/Content/Materials/OrenNayerMaterial.uasset" 391
"../../../Engine/Plugins/Interchange/Runtime/Content/Materials/OrenNayerMaterial.uexp" 392
"../../../Engine/Plugins/Interchange/Runtime/Content/Materials/LambertSurfaceMaterial.uasset" 393
"../../../Engine/Plugins/Interchange/Runtime/Content/Materials/LambertSurfaceMaterial.uexp" 394
"../../../Engine/Plugins/Interchange/Runtime/Content/Materials/ClearCoatMaterial.uasset" 395
"../../../Engine/Plugins/Interchange/Runtime/Content/Materials/ClearCoatMaterial.uexp" 396
"../../../Engine/Plugins/Interchange/Runtime/Content/gltf/Textures/T_Gray_Linear.uasset" 397
"../../../Engine/Plugins/Interchange/Runtime/Content/gltf/Textures/T_Gray_Linear.uexp" 398
"../../../Engine/Plugins/Interchange/Runtime/Content/gltf/Textures/T_Black_srgb.uasset" 399
"../../../Engine/Plugins/Interchange/Runtime/Content/gltf/Textures/T_Black_srgb.uexp" 400
"../../../Engine/Plugins/Interchange/Runtime/Content/gltf/MaterialFunctions/MF_RotateV2.uasset" 401
"../../../Engine/Plugins/Interchange/Runtime/Content/gltf/MaterialFunctions/MF_RotateV2.uexp" 402
"../../../Engine/Plugins/Interchange/Runtime/Content/gltf/MaterialFunctions/MF_TransformUVs.uasset" 403
"../../../Engine/Plugins/Interchange/Runtime/Content/gltf/MaterialFunctions/MF_TransformUVs.uexp" 404
"../../../Engine/Plugins/Interchange/Runtime/Content/gltf/Textures/T_White_srgb.uasset" 405
"../../../Engine/Plugins/Interchange/Runtime/Content/gltf/Textures/T_White_srgb.uexp" 406
"../../../Engine/Plugins/Interchange/Runtime/Content/gltf/MaterialFunctions/MF_BaseColor.uasset" 407
"../../../Engine/Plugins/Interchange/Runtime/Content/gltf/MaterialFunctions/MF_BaseColor.uexp" 408
"../../../Engine/Plugins/Interchange/Runtime/Content/gltf/MaterialFunctions/MF_DiffuseSpecGloss.uasset" 409
"../../../Engine/Plugins/Interchange/Runtime/Content/gltf/MaterialFunctions/MF_DiffuseSpecGloss.uexp" 410
"../../../Engine/Plugins/Interchange/Runtime/Content/gltf/Textures/T_White_Linear.uasset" 411
"../../../Engine/Plugins/Interchange/Runtime/Content/gltf/Textures/T_White_Linear.uexp" 412
"../../../Engine/Plugins/Interchange/Runtime/Content/gltf/MaterialFunctions/MF_MetallicRoughness.uasset" 413
"../../../Engine/Plugins/Interchange/Runtime/Content/gltf/MaterialFunctions/MF_MetallicRoughness.uexp" 414
"../../../Engine/Plugins/Interchange/Runtime/Content/gltf/MaterialFunctions/MF_Transmission.uasset" 415
"../../../Engine/Plugins/Interchange/Runtime/Content/gltf/MaterialFunctions/MF_Transmission.uexp" 416
"../../../Engine/Plugins/Interchange/Runtime/Content/gltf/MaterialFunctions/MF_Occlusion.uasset" 417
"../../../Engine/Plugins/Interchange/Runtime/Content/gltf/MaterialFunctions/MF_Occlusion.uexp" 418
"../../../Engine/Content/Functions/Engine_MaterialFunctions02/Texturing/CustomRotator.uasset" 419
"../../../Engine/Content/Functions/Engine_MaterialFunctions02/Texturing/CustomRotator.uexp" 420
"../../../Engine/Content/Functions/Engine_MaterialFunctions02/Texturing/ScreenAlignedPixelToPixelUVs.uasset" 421
"../../../Engine/Content/Functions/Engine_MaterialFunctions02/Texturing/ScreenAlignedPixelToPixelUVs.uexp" 422
"../../../Engine/Plugins/Interchange/Runtime/Content/Utilities/T_Bayer64_Grayscale_64px.uasset" 423
"../../../Engine/Plugins/Interchange/Runtime/Content/Utilities/T_Bayer64_Grayscale_64px.uexp" 424
"../../../Engine/Plugins/Interchange/Runtime/Content/gltf/MaterialFunctions/MF_Temporal_Blur.uasset" 425
"../../../Engine/Plugins/Interchange/Runtime/Content/gltf/MaterialFunctions/MF_Temporal_Blur.uexp" 426
"../../../Engine/Plugins/Interchange/Runtime/Content/gltf/MaterialFunctions/MF_Specular.uasset" 427
"../../../Engine/Plugins/Interchange/Runtime/Content/gltf/MaterialFunctions/MF_Specular.uexp" 428
"../../../Engine/Plugins/Interchange/Runtime/Content/gltf/MaterialFunctions/MF_IOR.uasset" 429
"../../../Engine/Plugins/Interchange/Runtime/Content/gltf/MaterialFunctions/MF_IOR.uexp" 430
"../../../Engine/Plugins/Interchange/Runtime/Content/gltf/MaterialFunctions/MF_Fresnel_DS.uasset" 431
"../../../Engine/Plugins/Interchange/Runtime/Content/gltf/MaterialFunctions/MF_Fresnel_DS.uexp" 432
"../../../Engine/Content/Functions/Engine_MaterialFunctions01/Texturing/FlattenNormal.uasset" 433
"../../../Engine/Content/Functions/Engine_MaterialFunctions01/Texturing/FlattenNormal.uexp" 434
"../../../Engine/Content/Functions/Engine_MaterialFunctions02/Math/Transform3x3Matrix.uasset" 435
"../../../Engine/Content/Functions/Engine_MaterialFunctions02/Math/Transform3x3Matrix.uexp" 436
"../../../Engine/Plugins/Interchange/Runtime/Content/gltf/MaterialFunctions/MF_RotateNormals_TS.uasset" 437
"../../../Engine/Plugins/Interchange/Runtime/Content/gltf/MaterialFunctions/MF_RotateNormals_TS.uexp" 438
"../../../Engine/Plugins/Interchange/Runtime/Content/gltf/Textures/T_Generic_N.uasset" 439
"../../../Engine/Plugins/Interchange/Runtime/Content/gltf/Textures/T_Generic_N.uexp" 440
"../../../Engine/Plugins/Interchange/Runtime/Content/gltf/MaterialFunctions/MF_Normals.uasset" 441
"../../../Engine/Plugins/Interchange/Runtime/Content/gltf/MaterialFunctions/MF_Normals.uexp" 442
"../../../Engine/Content/Functions/Engine_MaterialFunctions02/Math/AddComponents.uasset" 443
"../../../Engine/Content/Functions/Engine_MaterialFunctions02/Math/AddComponents.uexp" 444
"../../../Engine/Plugins/Interchange/Runtime/Content/gltf/MaterialFunctions/MF_PerceivedBrightness.uasset" 445
"../../../Engine/Plugins/Interchange/Runtime/Content/gltf/MaterialFunctions/MF_PerceivedBrightness.uexp" 446
"../../../Engine/Plugins/Interchange/Runtime/Content/gltf/MaterialFunctions/MF_SpecGlossToMetalRoughness.uasset" 447
"../../../Engine/Plugins/Interchange/Runtime/Content/gltf/MaterialFunctions/MF_SpecGlossToMetalRoughness.uexp" 448
"../../../Engine/Plugins/Interchange/Runtime/Content/gltf/M_Transmission.uasset" 449
"../../../Engine/Plugins/Interchange/Runtime/Content/gltf/M_Transmission.uexp" 450
"../../../Engine/Plugins/Interchange/Runtime/Content/gltf/MaterialInstances_SG/MI_Transmission_TS.uasset" 451
"../../../Engine/Plugins/Interchange/Runtime/Content/gltf/MaterialInstances_SG/MI_Transmission_TS.uexp" 452
"../../../Engine/Plugins/Interchange/Runtime/Content/gltf/MaterialInstances_SG/MI_Transmission.uasset" 453
"../../../Engine/Plugins/Interchange/Runtime/Content/gltf/MaterialInstances_SG/MI_Transmission.uexp" 454
"../../../Engine/Plugins/Interchange/Runtime/Content/gltf/MaterialFunctions/MF_Clearcoat.uasset" 455
"../../../Engine/Plugins/Interchange/Runtime/Content/gltf/MaterialFunctions/MF_Clearcoat.uexp" 456
"../../../Engine/Plugins/Interchange/Runtime/Content/gltf/MaterialFunctions/MF_Emissive.uasset" 457
"../../../Engine/Plugins/Interchange/Runtime/Content/gltf/MaterialFunctions/MF_Emissive.uexp" 458
"../../../Engine/Plugins/Interchange/Runtime/Content/gltf/M_Translucent.uasset" 459
"../../../Engine/Plugins/Interchange/Runtime/Content/gltf/M_Translucent.uexp" 460
"../../../Engine/Plugins/Interchange/Runtime/Content/gltf/MaterialInstances_SG/MI_Translucent_TS.uasset" 461
"../../../Engine/Plugins/Interchange/Runtime/Content/gltf/MaterialInstances_SG/MI_Translucent_TS.uexp" 462
"../../../Engine/Plugins/Interchange/Runtime/Content/gltf/MaterialInstances_SG/MI_Translucent_ClearCoat_TS.uasset" 463
"../../../Engine/Plugins/Interchange/Runtime/Content/gltf/MaterialInstances_SG/MI_Translucent_ClearCoat_TS.uexp" 464
"../../../Engine/Plugins/Interchange/Runtime/Content/gltf/MaterialInstances_SG/MI_Translucent_ClearCoat.uasset" 465
"../../../Engine/Plugins/Interchange/Runtime/Content/gltf/MaterialInstances_SG/MI_Translucent_ClearCoat.uexp" 466
"../../../Engine/Plugins/Interchange/Runtime/Content/gltf/MaterialInstances_SG/MI_Translucent.uasset" 467
"../../../Engine/Plugins/Interchange/Runtime/Content/gltf/MaterialInstances_SG/MI_Translucent.uexp" 468
"../../../Engine/Plugins/Interchange/Runtime/Content/gltf/M_Opaque.uasset" 469
"../../../Engine/Plugins/Interchange/Runtime/Content/gltf/M_Opaque.uexp" 470
"../../../Engine/Plugins/Interchange/Runtime/Content/gltf/MaterialInstances_SG/MI_Opaque_TS.uasset" 471
"../../../Engine/Plugins/Interchange/Runtime/Content/gltf/MaterialInstances_SG/MI_Opaque_TS.uexp" 472
"../../../Engine/Plugins/Interchange/Runtime/Content/gltf/MaterialFunctions/MF_Sheen.uasset" 473
"../../../Engine/Plugins/Interchange/Runtime/Content/gltf/MaterialFunctions/MF_Sheen.uexp" 474
"../../../Engine/Content/Functions/Engine_MaterialFunctions01/Shading/FuzzyShading.uasset" 475
"../../../Engine/Content/Functions/Engine_MaterialFunctions01/Shading/FuzzyShading.uexp" 476
"../../../Engine/Plugins/Interchange/Runtime/Content/gltf/M_Sheen.uasset" 477
"../../../Engine/Plugins/Interchange/Runtime/Content/gltf/M_Sheen.uexp" 478
"../../../Engine/Plugins/Interchange/Runtime/Content/gltf/MaterialInstances_SG/MI_Opaque_Sheen_TS.uasset" 479
"../../../Engine/Plugins/Interchange/Runtime/Content/gltf/MaterialInstances_SG/MI_Opaque_Sheen_TS.uexp" 480
"../../../Engine/Plugins/Interchange/Runtime/Content/gltf/MaterialInstances_SG/MI_Opaque_Sheen.uasset" 481
"../../../Engine/Plugins/Interchange/Runtime/Content/gltf/MaterialInstances_SG/MI_Opaque_Sheen.uexp" 482
"../../../Engine/Plugins/Interchange/Runtime/Content/gltf/MaterialInstances_SG/MI_Opaque_ClearCoat_TS.uasset" 483
"../../../Engine/Plugins/Interchange/Runtime/Content/gltf/MaterialInstances_SG/MI_Opaque_ClearCoat_TS.uexp" 484
"../../../Engine/Plugins/Interchange/Runtime/Content/gltf/MaterialInstances_SG/MI_Opaque_ClearCoat.uasset" 485
"../../../Engine/Plugins/Interchange/Runtime/Content/gltf/MaterialInstances_SG/MI_Opaque_ClearCoat.uexp" 486
"../../../Engine/Plugins/Interchange/Runtime/Content/gltf/MaterialInstances_SG/MI_Opaque.uasset" 487
"../../../Engine/Plugins/Interchange/Runtime/Content/gltf/MaterialInstances_SG/MI_Opaque.uexp" 488
"../../../Engine/Plugins/Interchange/Runtime/Content/gltf/MaterialInstances_MR/MI_Transmission_TS.uasset" 489
"../../../Engine/Plugins/Interchange/Runtime/Content/gltf/MaterialInstances_MR/MI_Transmission_TS.uexp" 490
"../../../Engine/Plugins/Interchange/Runtime/Content/gltf/MaterialInstances_MR/MI_Transmission.uasset" 491
"../../../Engine/Plugins/Interchange/Runtime/Content/gltf/MaterialInstances_MR/MI_Transmission.uexp" 492
"../../../Engine/Plugins/Interchange/Runtime/Content/gltf/MaterialInstances_MR/MI_Translucent_TS.uasset" 493
"../../../Engine/Plugins/Interchange/Runtime/Content/gltf/MaterialInstances_MR/MI_Translucent_TS.uexp" 494
"../../../Engine/Plugins/Interchange/Runtime/Content/gltf/MaterialInstances_MR/MI_Translucent_ClearCoat_TS.uasset" 495
"../../../Engine/Plugins/Interchange/Runtime/Content/gltf/MaterialInstances_MR/MI_Translucent_ClearCoat_TS.uexp" 496
"../../../Engine/Plugins/Interchange/Runtime/Content/gltf/MaterialInstances_MR/MI_Translucent_ClearCoat.uasset" 497
"../../../Engine/Plugins/Interchange/Runtime/Content/gltf/MaterialInstances_MR/MI_Translucent_ClearCoat.uexp" 498
"../../../Engine/Plugins/Interchange/Runtime/Content/gltf/MaterialInstances_MR/MI_Translucent.uasset" 499
"../../../Engine/Plugins/Interchange/Runtime/Content/gltf/MaterialInstances_MR/MI_Translucent.uexp" 500
"../../../Engine/Plugins/Interchange/Runtime/Content/gltf/M_Unlit.uasset" 501
"../../../Engine/Plugins/Interchange/Runtime/Content/gltf/M_Unlit.uexp" 502
"../../../Engine/Plugins/Interchange/Runtime/Content/gltf/MaterialInstances_MR/MI_Opaque_Unlit_TS.uasset" 503
"../../../Engine/Plugins/Interchange/Runtime/Content/gltf/MaterialInstances_MR/MI_Opaque_Unlit_TS.uexp" 504
"../../../Engine/Plugins/Interchange/Runtime/Content/gltf/MaterialInstances_MR/MI_Opaque_Unlit.uasset" 505
"../../../Engine/Plugins/Interchange/Runtime/Content/gltf/MaterialInstances_MR/MI_Opaque_Unlit.uexp" 506
"../../../Engine/Plugins/Interchange/Runtime/Content/gltf/MaterialInstances_MR/MI_Opaque_TS.uasset" 507
"../../../Engine/Plugins/Interchange/Runtime/Content/gltf/MaterialInstances_MR/MI_Opaque_TS.uexp" 508
"../../../Engine/Plugins/Interchange/Runtime/Content/gltf/MaterialInstances_MR/MI_Opaque_Sheen_TS.uasset" 509
"../../../Engine/Plugins/Interchange/Runtime/Content/gltf/MaterialInstances_MR/MI_Opaque_Sheen_TS.uexp" 510
"../../../Engine/Plugins/Interchange/Runtime/Content/gltf/MaterialInstances_MR/MI_Opaque_Sheen.uasset" 511
"../../../Engine/Plugins/Interchange/Runtime/Content/gltf/MaterialInstances_MR/MI_Opaque_Sheen.uexp" 512
"../../../Engine/Plugins/Interchange/Runtime/Content/gltf/MaterialInstances_MR/MI_Opaque_ClearCoat_TS.uasset" 513
"../../../Engine/Plugins/Interchange/Runtime/Content/gltf/MaterialInstances_MR/MI_Opaque_ClearCoat_TS.uexp" 514
"../../../Engine/Plugins/Interchange/Runtime/Content/gltf/MaterialInstances_MR/MI_Opaque_ClearCoat.uasset" 515
"../../../Engine/Plugins/Interchange/Runtime/Content/gltf/MaterialInstances_MR/MI_Opaque_ClearCoat.uexp" 516
"../../../Engine/Plugins/Interchange/Runtime/Content/gltf/MaterialInstances_MR/MI_Opaque.uasset" 517
"../../../Engine/Plugins/Interchange/Runtime/Content/gltf/MaterialInstances_MR/MI_Opaque.uexp" 518
"../../../Engine/Content/Functions/Engine_MaterialFunctions02/Utility/VectorLength.uasset" 519
"../../../Engine/Content/Functions/Engine_MaterialFunctions02/Utility/VectorLength.uexp" 520
"../../../Engine/Content/Functions/Engine_MaterialFunctions02/WorldPositionOffset/V2/ObjectScale.uasset" 521
"../../../Engine/Content/Functions/Engine_MaterialFunctions02/WorldPositionOffset/V2/ObjectScale.uexp" 522
"../../../Engine/Content/Functions/Engine_MaterialFunctions02/ObjectLocalBounds.uasset" 523
"../../../Engine/Content/Functions/Engine_MaterialFunctions02/ObjectLocalBounds.uexp" 524
"../../../Engine/Plugins/Interchange/Runtime/Content/gltf/MaterialFunctions/MF_TransmissionOpacity.uasset" 525
"../../../Engine/Plugins/Interchange/Runtime/Content/gltf/MaterialFunctions/MF_TransmissionOpacity.uexp" 526
"../../../Engine/Plugins/Interchange/Runtime/Content/Functions/MX_Transmission.uasset" 527
"../../../Engine/Plugins/Interchange/Runtime/Content/Functions/MX_Transmission.uexp" 528
"../../../Engine/Plugins/Interchange/Runtime/Content/Functions/MX_StandardSurface.uasset" 529
"../../../Engine/Plugins/Interchange/Runtime/Content/Functions/MX_StandardSurface.uexp" 530
"../../../Engine/Plugins/Interchange/Runtime/Content/Functions/MX_TransmissionSurface.uasset" 531
"../../../Engine/Plugins/Interchange/Runtime/Content/Functions/MX_TransmissionSurface.uexp" 532
"../../../Engine/Plugins/Editor/SpeedTreeImporter/Content/SpeedTree9/game_wind_noise.ubulk" 533
"../../../Engine/Plugins/Editor/SpeedTreeImporter/Content/SpeedTree9/game_wind_noise.uasset" 534
"../../../Engine/Plugins/Editor/SpeedTreeImporter/Content/SpeedTree9/game_wind_noise.uexp" 535
"../../../Engine/Plugins/Editor/SpeedTreeImporter/Content/SpeedTree9/UnpackDirection.uasset" 536
"../../../Engine/Plugins/Editor/SpeedTreeImporter/Content/SpeedTree9/UnpackDirection.uexp" 537
"../../../Engine/Content/Functions/Engine_MaterialFunctions02/UVs/BoundingBoxBased_0-1_UVW.uasset" 538
"../../../Engine/Content/Functions/Engine_MaterialFunctions02/UVs/BoundingBoxBased_0-1_UVW.uexp" 539
"../../../Engine/Plugins/Editor/SpeedTreeImporter/Content/SpeedTree9/UnpackInteger3.uasset" 540
"../../../Engine/Plugins/Editor/SpeedTreeImporter/Content/SpeedTree9/UnpackInteger3.uexp" 541
"../../../Engine/Plugins/Editor/SpeedTreeImporter/Content/SpeedTree9/SpeedTreeCameraFacing.uasset" 542
"../../../Engine/Plugins/Editor/SpeedTreeImporter/Content/SpeedTree9/SpeedTreeCameraFacing.uexp" 543
"../../../Engine/Content/Functions/Engine_MaterialFunctions02/WorldPositionOffset/ObjectScale.uasset" 544
"../../../Engine/Content/Functions/Engine_MaterialFunctions02/WorldPositionOffset/ObjectScale.uexp" 545
"../../../Engine/Content/Functions/Engine_MaterialFunctions02/SafeNormalize.uasset" 546
"../../../Engine/Content/Functions/Engine_MaterialFunctions02/SafeNormalize.uexp" 547
"../../../Engine/Plugins/Editor/SpeedTreeImporter/Content/SpeedTree9/SpeedTreeWindMotion.uasset" 548
"../../../Engine/Plugins/Editor/SpeedTreeImporter/Content/SpeedTree9/SpeedTreeWindMotion.uexp" 549
"../../../Engine/Plugins/Editor/SpeedTreeImporter/Content/SpeedTree9/SpeedTreeBranchMotion.uasset" 550
"../../../Engine/Plugins/Editor/SpeedTreeImporter/Content/SpeedTree9/SpeedTreeBranchMotion.uexp" 551
"../../../Engine/Plugins/Editor/SpeedTreeImporter/Content/SpeedTree9/SpeedTreeWind.uasset" 552
"../../../Engine/Plugins/Editor/SpeedTreeImporter/Content/SpeedTree9/SpeedTreeWind.uexp" 553
"../../../Engine/Plugins/Editor/SpeedTreeImporter/Content/SpeedTree9/EmptyNormal.uasset" 554
"../../../Engine/Plugins/Editor/SpeedTreeImporter/Content/SpeedTree9/EmptyNormal.uexp" 555
"../../../Engine/Plugins/Editor/SpeedTreeImporter/Content/SpeedTree9/Empty.uasset" 556
"../../../Engine/Plugins/Editor/SpeedTreeImporter/Content/SpeedTree9/Empty.uexp" 557
"../../../Engine/Plugins/Editor/SpeedTreeImporter/Content/SpeedTree9/SpeedTreeMaster.uasset" 558
"../../../Engine/Plugins/Editor/SpeedTreeImporter/Content/SpeedTree9/SpeedTreeMaster.uexp" 559
"../../../Engine/Plugins/Editor/SpeedTreeImporter/Content/SpeedTree9/SpeedTreeBillboard.uasset" 560
"../../../Engine/Plugins/Editor/SpeedTreeImporter/Content/SpeedTree9/SpeedTreeBillboard.uexp" 561
"../../../Engine/Plugins/Editor/SpeedTreeImporter/Content/SpeedTree9/SpeedTreeBillboardMaster.uasset" 562
"../../../Engine/Plugins/Editor/SpeedTreeImporter/Content/SpeedTree9/SpeedTreeBillboardMaster.uexp" 563
"../../../Engine/Plugins/Animation/ControlRig/Content/M_Manip.uasset" 564
"../../../Engine/Plugins/Animation/ControlRig/Content/M_Manip.uexp" 565
"../../../Engine/Plugins/Animation/ControlRig/Content/Controls/DefaultGizmoLibraryNormalized.uasset" 566
"../../../Engine/Plugins/Animation/ControlRig/Content/Controls/DefaultGizmoLibraryNormalized.uexp" 567
"../../../Engine/Plugins/Animation/ControlRig/Content/Controls/ControlRig_Wedge_solid.ubulk" 568
"../../../Engine/Plugins/Animation/ControlRig/Content/Controls/ControlRig_Wedge_solid.uasset" 569
"../../../Engine/Plugins/Animation/ControlRig/Content/Controls/ControlRig_Wedge_solid.uexp" 570
"../../../Engine/Plugins/Animation/ControlRig/Content/Controls/ControlRig_Wedge_3mm.ubulk" 571
"../../../Engine/Plugins/Animation/ControlRig/Content/Controls/ControlRig_Wedge_3mm.uasset" 572
"../../../Engine/Plugins/Animation/ControlRig/Content/Controls/ControlRig_Wedge_3mm.uexp" 573
"../../../Engine/Plugins/Animation/ControlRig/Content/Controls/ControlRig_Wedge_1mm.ubulk" 574
"../../../Engine/Plugins/Animation/ControlRig/Content/Controls/ControlRig_Wedge_1mm.uasset" 575
"../../../Engine/Plugins/Animation/ControlRig/Content/Controls/ControlRig_Wedge_1mm.uexp" 576
"../../../Engine/Plugins/Animation/ControlRig/Content/Controls/ControlRig_Triangle_solid.ubulk" 577
"../../../Engine/Plugins/Animation/ControlRig/Content/Controls/ControlRig_Triangle_solid.uasset" 578
"../../../Engine/Plugins/Animation/ControlRig/Content/Controls/ControlRig_Triangle_solid.uexp" 579
"../../../Engine/Plugins/Animation/ControlRig/Content/Controls/ControlRig_Triangle_3mm.ubulk" 580
"../../../Engine/Plugins/Animation/ControlRig/Content/Controls/ControlRig_Triangle_3mm.uasset" 581
"../../../Engine/Plugins/Animation/ControlRig/Content/Controls/ControlRig_Triangle_3mm.uexp" 582
"../../../Engine/Plugins/Animation/ControlRig/Content/Controls/ControlRig_Triangle_1mm.ubulk" 583
"../../../Engine/Plugins/Animation/ControlRig/Content/Controls/ControlRig_Triangle_1mm.uasset" 584
"../../../Engine/Plugins/Animation/ControlRig/Content/Controls/ControlRig_Triangle_1mm.uexp" 585
"../../../Engine/Plugins/Animation/ControlRig/Content/Controls/ControlRig_Star4_solid.ubulk" 586
"../../../Engine/Plugins/Animation/ControlRig/Content/Controls/ControlRig_Star4_solid.uasset" 587
"../../../Engine/Plugins/Animation/ControlRig/Content/Controls/ControlRig_Star4_solid.uexp" 588
"../../../Engine/Plugins/Animation/ControlRig/Content/Controls/ControlRig_Star4_3mm.ubulk" 589
"../../../Engine/Plugins/Animation/ControlRig/Content/Controls/ControlRig_Star4_3mm.uasset" 590
"../../../Engine/Plugins/Animation/ControlRig/Content/Controls/ControlRig_Star4_3mm.uexp" 591
"../../../Engine/Plugins/Animation/ControlRig/Content/Controls/ControlRig_Star4_1mm.ubulk" 592
"../../../Engine/Plugins/Animation/ControlRig/Content/Controls/ControlRig_Star4_1mm.uasset" 593
"../../../Engine/Plugins/Animation/ControlRig/Content/Controls/ControlRig_Star4_1mm.uexp" 594
"../../../Engine/Plugins/Animation/ControlRig/Content/Controls/ControlRig_Square_solid.ubulk" 595
"../../../Engine/Plugins/Animation/ControlRig/Content/Controls/ControlRig_Square_solid.uasset" 596
"../../../Engine/Plugins/Animation/ControlRig/Content/Controls/ControlRig_Square_solid.uexp" 597
"../../../Engine/Plugins/Animation/ControlRig/Content/Controls/ControlRig_Square_3mm.ubulk" 598
"../../../Engine/Plugins/Animation/ControlRig/Content/Controls/ControlRig_Square_3mm.uasset" 599
"../../../Engine/Plugins/Animation/ControlRig/Content/Controls/ControlRig_Square_3mm.uexp" 600
"../../../Engine/Plugins/Animation/ControlRig/Content/Controls/ControlRig_Square_1mm.ubulk" 601
"../../../Engine/Plugins/Animation/ControlRig/Content/Controls/ControlRig_Square_1mm.uasset" 602
"../../../Engine/Plugins/Animation/ControlRig/Content/Controls/ControlRig_Square_1mm.uexp" 603
"../../../Engine/Plugins/Animation/ControlRig/Content/Controls/ControlRig_Sphere_solid.ubulk" 604
"../../../Engine/Plugins/Animation/ControlRig/Content/Controls/ControlRig_Sphere_solid.uasset" 605
"../../../Engine/Plugins/Animation/ControlRig/Content/Controls/ControlRig_Sphere_solid.uexp" 606
"../../../Engine/Plugins/Animation/ControlRig/Content/Controls/ControlRig_Sphere_3mm.ubulk" 607
"../../../Engine/Plugins/Animation/ControlRig/Content/Controls/ControlRig_Sphere_3mm.uasset" 608
"../../../Engine/Plugins/Animation/ControlRig/Content/Controls/ControlRig_Sphere_3mm.uexp" 609
"../../../Engine/Plugins/Animation/ControlRig/Content/Controls/ControlRig_Sphere_1mm.ubulk" 610
"../../../Engine/Plugins/Animation/ControlRig/Content/Controls/ControlRig_Sphere_1mm.uasset" 611
"../../../Engine/Plugins/Animation/ControlRig/Content/Controls/ControlRig_Sphere_1mm.uexp" 612
"../../../Engine/Plugins/Animation/ControlRig/Content/Controls/ControlRig_RoundedTriangle_solid.ubulk" 613
"../../../Engine/Plugins/Animation/ControlRig/Content/Controls/ControlRig_RoundedTriangle_solid.uasset" 614
"../../../Engine/Plugins/Animation/ControlRig/Content/Controls/ControlRig_RoundedTriangle_solid.uexp" 615
"../../../Engine/Plugins/Animation/ControlRig/Content/Controls/ControlRig_RoundedTriangle_3mm.ubulk" 616
"../../../Engine/Plugins/Animation/ControlRig/Content/Controls/ControlRig_RoundedTriangle_3mm.uasset" 617
"../../../Engine/Plugins/Animation/ControlRig/Content/Controls/ControlRig_RoundedTriangle_3mm.uexp" 618
"../../../Engine/Plugins/Animation/ControlRig/Content/Controls/ControlRig_RoundedTriangle_1mm.ubulk" 619
"../../../Engine/Plugins/Animation/ControlRig/Content/Controls/ControlRig_RoundedTriangle_1mm.uasset" 620
"../../../Engine/Plugins/Animation/ControlRig/Content/Controls/ControlRig_RoundedTriangle_1mm.uexp" 621
"../../../Engine/Plugins/Animation/ControlRig/Content/Controls/ControlRig_RoundedSquare_solid.ubulk" 622
"../../../Engine/Plugins/Animation/ControlRig/Content/Controls/ControlRig_RoundedSquare_solid.uasset" 623
"../../../Engine/Plugins/Animation/ControlRig/Content/Controls/ControlRig_RoundedSquare_solid.uexp" 624
"../../../Engine/Plugins/Animation/ControlRig/Content/Controls/ControlRig_RoundedSquare_3mm.ubulk" 625
"../../../Engine/Plugins/Animation/ControlRig/Content/Controls/ControlRig_RoundedSquare_3mm.uasset" 626
"../../../Engine/Plugins/Animation/ControlRig/Content/Controls/ControlRig_RoundedSquare_3mm.uexp" 627
"../../../Engine/Plugins/Animation/ControlRig/Content/Controls/ControlRig_RoundedSquare_1mm.ubulk" 628
"../../../Engine/Plugins/Animation/ControlRig/Content/Controls/ControlRig_RoundedSquare_1mm.uasset" 629
"../../../Engine/Plugins/Animation/ControlRig/Content/Controls/ControlRig_RoundedSquare_1mm.uexp" 630
"../../../Engine/Plugins/Animation/ControlRig/Content/Controls/ControlRig_QuarterCircle_solid.ubulk" 631
"../../../Engine/Plugins/Animation/ControlRig/Content/Controls/ControlRig_QuarterCircle_solid.uasset" 632
"../../../Engine/Plugins/Animation/ControlRig/Content/Controls/ControlRig_QuarterCircle_solid.uexp" 633
"../../../Engine/Plugins/Animation/ControlRig/Content/Controls/ControlRig_QuarterCircle_3mm.ubulk" 634
"../../../Engine/Plugins/Animation/ControlRig/Content/Controls/ControlRig_QuarterCircle_3mm.uasset" 635
"../../../Engine/Plugins/Animation/ControlRig/Content/Controls/ControlRig_QuarterCircle_3mm.uexp" 636
"../../../Engine/Plugins/Animation/ControlRig/Content/Controls/ControlRig_QuarterCircle_1mm.ubulk" 637
"../../../Engine/Plugins/Animation/ControlRig/Content/Controls/ControlRig_QuarterCircle_1mm.uasset" 638
"../../../Engine/Plugins/Animation/ControlRig/Content/Controls/ControlRig_QuarterCircle_1mm.uexp" 639
"../../../Engine/Plugins/Animation/ControlRig/Content/Controls/ControlRig_Pyramid_solid.ubulk" 640
"../../../Engine/Plugins/Animation/ControlRig/Content/Controls/ControlRig_Pyramid_solid.uasset" 641
"../../../Engine/Plugins/Animation/ControlRig/Content/Controls/ControlRig_Pyramid_solid.uexp" 642
"../../../Engine/Plugins/Animation/ControlRig/Content/Controls/ControlRig_Pyramid_3mm.ubulk" 643
"../../../Engine/Plugins/Animation/ControlRig/Content/Controls/ControlRig_Pyramid_3mm.uasset" 644
"../../../Engine/Plugins/Animation/ControlRig/Content/Controls/ControlRig_Pyramid_3mm.uexp" 645
"../../../Engine/Plugins/Animation/ControlRig/Content/Controls/ControlRig_Pyramid_1mm.ubulk" 646
"../../../Engine/Plugins/Animation/ControlRig/Content/Controls/ControlRig_Pyramid_1mm.uasset" 647
"../../../Engine/Plugins/Animation/ControlRig/Content/Controls/ControlRig_Pyramid_1mm.uexp" 648
"../../../Engine/Plugins/Animation/ControlRig/Content/Controls/ControlRig_Octagon_solid.ubulk" 649
"../../../Engine/Plugins/Animation/ControlRig/Content/Controls/ControlRig_Octagon_solid.uasset" 650
"../../../Engine/Plugins/Animation/ControlRig/Content/Controls/ControlRig_Octagon_solid.uexp" 651
"../../../Engine/Plugins/Animation/ControlRig/Content/Controls/ControlRig_Octagon_3mm.ubulk" 652
"../../../Engine/Plugins/Animation/ControlRig/Content/Controls/ControlRig_Octagon_3mm.uasset" 653
"../../../Engine/Plugins/Animation/ControlRig/Content/Controls/ControlRig_Octagon_3mm.uexp" 654
"../../../Engine/Plugins/Animation/ControlRig/Content/Controls/ControlRig_Octagon_1mm.ubulk" 655
"../../../Engine/Plugins/Animation/ControlRig/Content/Controls/ControlRig_Octagon_1mm.uasset" 656
"../../../Engine/Plugins/Animation/ControlRig/Content/Controls/ControlRig_Octagon_1mm.uexp" 657
"../../../Engine/Plugins/Animation/ControlRig/Content/Controls/ControlRig_Hexagon_solid.ubulk" 658
"../../../Engine/Plugins/Animation/ControlRig/Content/Controls/ControlRig_Hexagon_solid.uasset" 659
"../../../Engine/Plugins/Animation/ControlRig/Content/Controls/ControlRig_Hexagon_solid.uexp" 660
"../../../Engine/Plugins/Animation/ControlRig/Content/Controls/ControlRig_Hexagon_3mm.ubulk" 661
"../../../Engine/Plugins/Animation/ControlRig/Content/Controls/ControlRig_Hexagon_3mm.uasset" 662
"../../../Engine/Plugins/Animation/ControlRig/Content/Controls/ControlRig_Hexagon_3mm.uexp" 663
"../../../Engine/Plugins/Animation/ControlRig/Content/Controls/ControlRig_Hexagon_1mm.ubulk" 664
"../../../Engine/Plugins/Animation/ControlRig/Content/Controls/ControlRig_Hexagon_1mm.uasset" 665
"../../../Engine/Plugins/Animation/ControlRig/Content/Controls/ControlRig_Hexagon_1mm.uexp" 666
"../../../Engine/Plugins/Animation/ControlRig/Content/Controls/ControlRig_HalfCircle_solid.ubulk" 667
"../../../Engine/Plugins/Animation/ControlRig/Content/Controls/ControlRig_HalfCircle_solid.uasset" 668
"../../../Engine/Plugins/Animation/ControlRig/Content/Controls/ControlRig_HalfCircle_solid.uexp" 669
"../../../Engine/Plugins/Animation/ControlRig/Content/Controls/ControlRig_HalfCircle_3mm.ubulk" 670
"../../../Engine/Plugins/Animation/ControlRig/Content/Controls/ControlRig_HalfCircle_3mm.uasset" 671
"../../../Engine/Plugins/Animation/ControlRig/Content/Controls/ControlRig_HalfCircle_3mm.uexp" 672
"../../../Engine/Plugins/Animation/ControlRig/Content/Controls/ControlRig_HalfCircle_1mm.ubulk" 673
"../../../Engine/Plugins/Animation/ControlRig/Content/Controls/ControlRig_HalfCircle_1mm.uasset" 674
"../../../Engine/Plugins/Animation/ControlRig/Content/Controls/ControlRig_HalfCircle_1mm.uexp" 675
"../../../Engine/Plugins/Animation/ControlRig/Content/Controls/ControlRig_Diamond_solid.ubulk" 676
"../../../Engine/Plugins/Animation/ControlRig/Content/Controls/ControlRig_Diamond_solid.uasset" 677
"../../../Engine/Plugins/Animation/ControlRig/Content/Controls/ControlRig_Diamond_solid.uexp" 678
"../../../Engine/Plugins/Animation/ControlRig/Content/Controls/ControlRig_Diamond_3mm.ubulk" 679
"../../../Engine/Plugins/Animation/ControlRig/Content/Controls/ControlRig_Diamond_3mm.uasset" 680
"../../../Engine/Plugins/Animation/ControlRig/Content/Controls/ControlRig_Diamond_3mm.uexp" 681
"../../../Engine/Plugins/Animation/ControlRig/Content/Controls/ControlRig_Diamond_1mm.ubulk" 682
"../../../Engine/Plugins/Animation/ControlRig/Content/Controls/ControlRig_Diamond_1mm.uasset" 683
"../../../Engine/Plugins/Animation/ControlRig/Content/Controls/ControlRig_Diamond_1mm.uexp" 684
"../../../Engine/Plugins/Animation/ControlRig/Content/Controls/ControlRig_Circle_solid.ubulk" 685
"../../../Engine/Plugins/Animation/ControlRig/Content/Controls/ControlRig_Circle_solid.uasset" 686
"../../../Engine/Plugins/Animation/ControlRig/Content/Controls/ControlRig_Circle_solid.uexp" 687
"../../../Engine/Plugins/Animation/ControlRig/Content/Controls/ControlRig_Circle_3mm.ubulk" 688
"../../../Engine/Plugins/Animation/ControlRig/Content/Controls/ControlRig_Circle_3mm.uasset" 689
"../../../Engine/Plugins/Animation/ControlRig/Content/Controls/ControlRig_Circle_3mm.uexp" 690
"../../../Engine/Plugins/Animation/ControlRig/Content/Controls/ControlRig_Circle_1mm.ubulk" 691
"../../../Engine/Plugins/Animation/ControlRig/Content/Controls/ControlRig_Circle_1mm.uasset" 692
"../../../Engine/Plugins/Animation/ControlRig/Content/Controls/ControlRig_Circle_1mm.uexp" 693
"../../../Engine/Plugins/Animation/ControlRig/Content/Controls/ControlRig_Box_solid.ubulk" 694
"../../../Engine/Plugins/Animation/ControlRig/Content/Controls/ControlRig_Box_solid.uasset" 695
"../../../Engine/Plugins/Animation/ControlRig/Content/Controls/ControlRig_Box_solid.uexp" 696
"../../../Engine/Plugins/Animation/ControlRig/Content/Controls/ControlRig_Box_3mm.ubulk" 697
"../../../Engine/Plugins/Animation/ControlRig/Content/Controls/ControlRig_Box_3mm.uasset" 698
"../../../Engine/Plugins/Animation/ControlRig/Content/Controls/ControlRig_Box_3mm.uexp" 699
"../../../Engine/Plugins/Animation/ControlRig/Content/Controls/ControlRig_Box_1mm.ubulk" 700
"../../../Engine/Plugins/Animation/ControlRig/Content/Controls/ControlRig_Box_1mm.uasset" 701
"../../../Engine/Plugins/Animation/ControlRig/Content/Controls/ControlRig_Box_1mm.uexp" 702
"../../../Engine/Plugins/Animation/ControlRig/Content/Controls/ControlRig_Arrow_solid.ubulk" 703
"../../../Engine/Plugins/Animation/ControlRig/Content/Controls/ControlRig_Arrow_solid.uasset" 704
"../../../Engine/Plugins/Animation/ControlRig/Content/Controls/ControlRig_Arrow_solid.uexp" 705
"../../../Engine/Plugins/Animation/ControlRig/Content/Controls/ControlRig_Arrow_3mm.ubulk" 706
"../../../Engine/Plugins/Animation/ControlRig/Content/Controls/ControlRig_Arrow_3mm.uasset" 707
"../../../Engine/Plugins/Animation/ControlRig/Content/Controls/ControlRig_Arrow_3mm.uexp" 708
"../../../Engine/Plugins/Animation/ControlRig/Content/Controls/ControlRig_Arrow_1mm.ubulk" 709
"../../../Engine/Plugins/Animation/ControlRig/Content/Controls/ControlRig_Arrow_1mm.uasset" 710
"../../../Engine/Plugins/Animation/ControlRig/Content/Controls/ControlRig_Arrow_1mm.uexp" 711
"../../../Engine/Plugins/Animation/ControlRig/Content/Controls/ControlRig_Arrow4_solid.ubulk" 712
"../../../Engine/Plugins/Animation/ControlRig/Content/Controls/ControlRig_Arrow4_solid.uasset" 713
"../../../Engine/Plugins/Animation/ControlRig/Content/Controls/ControlRig_Arrow4_solid.uexp" 714
"../../../Engine/Plugins/Animation/ControlRig/Content/Controls/ControlRig_Arrow4_3mm.ubulk" 715
"../../../Engine/Plugins/Animation/ControlRig/Content/Controls/ControlRig_Arrow4_3mm.uasset" 716
"../../../Engine/Plugins/Animation/ControlRig/Content/Controls/ControlRig_Arrow4_3mm.uexp" 717
"../../../Engine/Plugins/Animation/ControlRig/Content/Controls/ControlRig_Arrow4_1mm.ubulk" 718
"../../../Engine/Plugins/Animation/ControlRig/Content/Controls/ControlRig_Arrow4_1mm.uasset" 719
"../../../Engine/Plugins/Animation/ControlRig/Content/Controls/ControlRig_Arrow4_1mm.uexp" 720
"../../../Engine/Plugins/Animation/ControlRig/Content/Controls/ControlRig_Arrow2_solid.ubulk" 721
"../../../Engine/Plugins/Animation/ControlRig/Content/Controls/ControlRig_Arrow2_solid.uasset" 722
"../../../Engine/Plugins/Animation/ControlRig/Content/Controls/ControlRig_Arrow2_solid.uexp" 723
"../../../Engine/Plugins/Animation/ControlRig/Content/Controls/ControlRig_Arrow2_3mm.ubulk" 724
"../../../Engine/Plugins/Animation/ControlRig/Content/Controls/ControlRig_Arrow2_3mm.uasset" 725
"../../../Engine/Plugins/Animation/ControlRig/Content/Controls/ControlRig_Arrow2_3mm.uexp" 726
"../../../Engine/Plugins/Animation/ControlRig/Content/Controls/ControlRig_Arrow2_1mm.ubulk" 727
"../../../Engine/Plugins/Animation/ControlRig/Content/Controls/ControlRig_Arrow2_1mm.uasset" 728
"../../../Engine/Plugins/Animation/ControlRig/Content/Controls/ControlRig_Arrow2_1mm.uexp" 729
"../../../Engine/Plugins/Animation/ControlRig/Content/Controls/ControlRigXRayMaterial.uasset" 730
"../../../Engine/Plugins/Animation/ControlRig/Content/Controls/ControlRigXRayMaterial.uexp" 731
"../../../Engine/Plugins/Animation/ControlRig/Content/Controls/ControlRigGizmoMaterial.uasset" 732
"../../../Engine/Plugins/Animation/ControlRig/Content/Controls/ControlRigGizmoMaterial.uexp" 733
"../../../Engine/Plugins/2D/Paper2D/Content/PlaceholderTextures/DummySpriteTexture.ubulk" 734
"../../../Engine/Plugins/2D/Paper2D/Content/PlaceholderTextures/DummySpriteTexture.uasset" 735
"../../../Engine/Plugins/2D/Paper2D/Content/PlaceholderTextures/DummySpriteTexture.uexp" 736
"../../../Engine/Plugins/2D/Paper2D/Content/DefaultSpriteMaterial.uasset" 737
"../../../Engine/Plugins/2D/Paper2D/Content/DefaultSpriteMaterial.uexp" 738
"../../../Engine/Plugins/2D/Paper2D/Content/OpaqueUnlitSpriteMaterial.uasset" 739
"../../../Engine/Plugins/2D/Paper2D/Content/OpaqueUnlitSpriteMaterial.uexp" 740
"../../../Engine/Plugins/2D/Paper2D/Content/MaskedUnlitSpriteMaterial.uasset" 741
"../../../Engine/Plugins/2D/Paper2D/Content/MaskedUnlitSpriteMaterial.uexp" 742
"../../../Engine/Plugins/2D/Paper2D/Content/DummySprite.uasset" 743
"../../../Engine/Plugins/2D/Paper2D/Content/DummySprite.uexp" 744
"../../../Engine/Plugins/2D/Paper2D/Content/DefaultPaperTerrainMaterial.uasset" 745
"../../../Engine/Plugins/2D/Paper2D/Content/DefaultPaperTerrainMaterial.uexp" 746
"../../../Engine/Content/Maps/Entry_BuiltData.uasset" 747
"../../../Engine/Content/Maps/Entry_BuiltData.uexp" 748
"../../../Engine/Content/Maps/Entry.uexp" 749
"../../../Engine/Content/Maps/Entry.umap" 750
"E:/Unreal Projects/CTF/Content/LevelPrototyping/Meshes/SM_WallWithSpikes.ubulk" 751
"E:/Unreal Projects/CTF/Content/LevelPrototyping/Meshes/SM_WallWithSpikes.uasset" 752
"E:/Unreal Projects/CTF/Content/LevelPrototyping/Meshes/SM_WallWithSpikes.uexp" 753
"E:/Unreal Projects/CTF/Content/FirstPerson/Input/Actions/IA_Look.uasset" 754
"E:/Unreal Projects/CTF/Content/FirstPerson/Input/Actions/IA_Look.uexp" 755
"E:/Unreal Projects/CTF/Content/FirstPerson/Input/Actions/IA_Move.uasset" 756
"E:/Unreal Projects/CTF/Content/FirstPerson/Input/Actions/IA_Move.uexp" 757
"E:/Unreal Projects/CTF/Content/FirstPerson/Input/Actions/IA_PickUp.uasset" 758
"E:/Unreal Projects/CTF/Content/FirstPerson/Input/Actions/IA_PickUp.uexp" 759
"E:/Unreal Projects/CTF/Content/FirstPerson/Input/Actions/IA_Rewind.uasset" 760
"E:/Unreal Projects/CTF/Content/FirstPerson/Input/Actions/IA_Rewind.uexp" 761
"E:/Unreal Projects/CTF/Content/FirstPerson/Input/Actions/IA_Jump.uasset" 762
"E:/Unreal Projects/CTF/Content/FirstPerson/Input/Actions/IA_Jump.uexp" 763
"E:/Unreal Projects/CTF/Content/FirstPerson/Input/IMC_Default.uasset" 764
"E:/Unreal Projects/CTF/Content/FirstPerson/Input/IMC_Default.uexp" 765
"E:/Unreal Projects/CTF/Content/FirstPerson/Blueprints/BP_FirstPersonCharacter.uasset" 766
"E:/Unreal Projects/CTF/Content/FirstPerson/Blueprints/BP_FirstPersonCharacter.uexp" 767
"E:/Unreal Projects/CTF/Content/Blueprints/RotatingLevelSection/BP_RotatingLevelSection.uasset" 768
"E:/Unreal Projects/CTF/Content/Blueprints/RotatingLevelSection/BP_RotatingLevelSection.uexp" 769
"E:/Unreal Projects/CTF/Content/ShowRoom/PlaceholderAssets/Blueprints/BP_Death.uasset" 770
"E:/Unreal Projects/CTF/Content/ShowRoom/PlaceholderAssets/Blueprints/BP_Death.uexp" 771
"E:/Unreal Projects/CTF/Content/LevelPrototyping/Textures/T_GridChecker_A.ubulk" 772
"E:/Unreal Projects/CTF/Content/LevelPrototyping/Textures/T_GridChecker_A.uasset" 773
"E:/Unreal Projects/CTF/Content/LevelPrototyping/Textures/T_GridChecker_A.uexp" 774
"../../../Engine/Content/Functions/Engine_MaterialFunctions01/Gradient/LinearGradient.uasset" 775
"../../../Engine/Content/Functions/Engine_MaterialFunctions01/Gradient/LinearGradient.uexp" 776
"../../../Engine/Content/Functions/Engine_MaterialFunctions01/ImageAdjustment/CheapContrast.uasset" 777
"../../../Engine/Content/Functions/Engine_MaterialFunctions01/ImageAdjustment/CheapContrast.uexp" 778
"E:/Unreal Projects/CTF/Content/LevelPrototyping/Materials/MF_ProcGrid.uasset" 779
"E:/Unreal Projects/CTF/Content/LevelPrototyping/Materials/MF_ProcGrid.uexp" 780
"E:/Unreal Projects/CTF/Content/BlockoutMaterials/M_PrototypeGrid.uasset" 781
"E:/Unreal Projects/CTF/Content/BlockoutMaterials/M_PrototypeGrid.uexp" 782
"E:/Unreal Projects/CTF/Content/BlockoutMaterials/MI_PrototypeGrid_Blue.uasset" 783
"E:/Unreal Projects/CTF/Content/BlockoutMaterials/MI_PrototypeGrid_Blue.uexp" 784
"E:/Unreal Projects/CTF/Content/LevelPrototyping/Materials/M_PrototypeGrid.uasset" 785
"E:/Unreal Projects/CTF/Content/LevelPrototyping/Materials/M_PrototypeGrid.uexp" 786
"E:/Unreal Projects/CTF/Content/LevelPrototyping/Materials/MI_PrototypeGrid_Gray.uasset" 787
"E:/Unreal Projects/CTF/Content/LevelPrototyping/Materials/MI_PrototypeGrid_Gray.uexp" 788
"E:/Unreal Projects/CTF/Content/LevelPrototyping/Meshes/SM_Cube.ubulk" 789
"E:/Unreal Projects/CTF/Content/LevelPrototyping/Meshes/SM_Cube.uasset" 790
"E:/Unreal Projects/CTF/Content/LevelPrototyping/Meshes/SM_Cube.uexp" 791
"E:/Unreal Projects/CTF/Content/StarterContent/Textures/T_Metal_Gold_N.ubulk" 792
"E:/Unreal Projects/CTF/Content/StarterContent/Textures/T_Metal_Gold_N.uasset" 793
"E:/Unreal Projects/CTF/Content/StarterContent/Textures/T_Metal_Gold_N.uexp" 794
"E:/Unreal Projects/CTF/Content/StarterContent/Textures/T_Metal_Aluminum_D.ubulk" 795
"E:/Unreal Projects/CTF/Content/StarterContent/Textures/T_Metal_Aluminum_D.uasset" 796
"E:/Unreal Projects/CTF/Content/StarterContent/Textures/T_Metal_Aluminum_D.uexp" 797
"E:/Unreal Projects/CTF/Content/StarterContent/Textures/T_MacroVariation.uasset" 798
"E:/Unreal Projects/CTF/Content/StarterContent/Textures/T_MacroVariation.uexp" 799
"E:/Unreal Projects/CTF/Content/StarterContent/Materials/M_Metal_Burnished_Steel.uasset" 800
"E:/Unreal Projects/CTF/Content/StarterContent/Materials/M_Metal_Burnished_Steel.uexp" 801
"E:/Unreal Projects/CTF/Content/Blueprints/PickUp/Rewind/BP_RewindObject.uasset" 802
"E:/Unreal Projects/CTF/Content/Blueprints/PickUp/Rewind/BP_RewindObject.uexp" 803
"E:/Unreal Projects/CTF/Content/Blueprints/LevelUtils/BP_FloatingActor.uasset" 804
"E:/Unreal Projects/CTF/Content/Blueprints/LevelUtils/BP_FloatingActor.uexp" 805
"E:/Unreal Projects/CTF/Content/BlockoutMaterials/MI_PrototypeGrid_Yellow.uasset" 806
"E:/Unreal Projects/CTF/Content/BlockoutMaterials/MI_PrototypeGrid_Yellow.uexp" 807
"../../../Engine/Content/EngineSky/T_Sky_Stars.ubulk" 808
"../../../Engine/Content/EngineSky/T_Sky_Stars.uasset" 809
"../../../Engine/Content/EngineSky/T_Sky_Stars.uexp" 810
"../../../Engine/Content/EngineSky/T_Sky_Clouds_M.ubulk" 811
"../../../Engine/Content/EngineSky/T_Sky_Clouds_M.uasset" 812
"../../../Engine/Content/EngineSky/T_Sky_Clouds_M.uexp" 813
"../../../Engine/Content/EngineSky/T_Sky_Blue.ubulk" 814
"../../../Engine/Content/EngineSky/T_Sky_Blue.uasset" 815
"../../../Engine/Content/EngineSky/T_Sky_Blue.uexp" 816
"../../../Engine/Content/EngineSky/M_Sky_Panning_Clouds2.uasset" 817
"../../../Engine/Content/EngineSky/M_Sky_Panning_Clouds2.uexp" 818
"../../../Engine/Content/EngineSky/SM_SkySphere.ubulk" 819
"../../../Engine/Content/EngineSky/SM_SkySphere.uasset" 820
"../../../Engine/Content/EngineSky/SM_SkySphere.uexp" 821
"E:/Unreal Projects/CTF/Content/Blueprints/WallMerge/BP_WallMergeActor.uasset" 822
"E:/Unreal Projects/CTF/Content/Blueprints/WallMerge/BP_WallMergeActor.uexp" 823
"E:/Unreal Projects/CTF/Content/BlockoutMaterials/MI_PrototypeGrid_Red.uasset" 824
"E:/Unreal Projects/CTF/Content/BlockoutMaterials/MI_PrototypeGrid_Red.uexp" 825
"E:/Unreal Projects/CTF/Content/ShowRoom/PlaceholderAssets/StaticMeshes/SM_CompleteButton.ubulk" 826
"E:/Unreal Projects/CTF/Content/ShowRoom/PlaceholderAssets/StaticMeshes/SM_CompleteButton.uasset" 827
"E:/Unreal Projects/CTF/Content/ShowRoom/PlaceholderAssets/StaticMeshes/SM_CompleteButton.uexp" 828
"E:/Unreal Projects/CTF/Content/ShowRoom/PlaceholderAssets/Sounds/PlaceholderPressButton.ubulk" 829
"E:/Unreal Projects/CTF/Content/ShowRoom/PlaceholderAssets/Sounds/PlaceholderPressButton.uasset" 830
"E:/Unreal Projects/CTF/Content/ShowRoom/PlaceholderAssets/Sounds/PlaceholderPressButton.uexp" 831
"E:/Unreal Projects/CTF/Content/Blueprints/RotatingLevelSection/BP_RotateSectionButton.uasset" 832
"E:/Unreal Projects/CTF/Content/Blueprints/RotatingLevelSection/BP_RotateSectionButton.uexp" 833
"E:/Unreal Projects/CTF/Content/ShowRoom/PlaceholderAssets/StaticMeshes/SM_BigBox.ubulk" 834
"E:/Unreal Projects/CTF/Content/ShowRoom/PlaceholderAssets/StaticMeshes/SM_BigBox.uasset" 835
"E:/Unreal Projects/CTF/Content/ShowRoom/PlaceholderAssets/StaticMeshes/SM_BigBox.uexp" 836
"E:/Unreal Projects/CTF/Content/LevelPrototyping/Materials/M_Solid.uasset" 837
"E:/Unreal Projects/CTF/Content/LevelPrototyping/Materials/M_Solid.uexp" 838
"E:/Unreal Projects/CTF/Content/LevelPrototyping/Materials/MI_Solid_Blue.uasset" 839
"E:/Unreal Projects/CTF/Content/LevelPrototyping/Materials/MI_Solid_Blue.uexp" 840
"E:/Unreal Projects/CTF/Content/Blueprints/PickUp/BP_PickUpObject.uasset" 841
"E:/Unreal Projects/CTF/Content/Blueprints/PickUp/BP_PickUpObject.uexp" 842
"../../../Engine/Content/EngineSky/M_SimpleSkyDome.uasset" 843
"../../../Engine/Content/EngineSky/M_SimpleSkyDome.uexp" 844
"E:/Unreal Projects/CTF/Content/BlockoutMaterials/MI_PrototypeGrid_Pink.uasset" 845
"E:/Unreal Projects/CTF/Content/BlockoutMaterials/MI_PrototypeGrid_Pink.uexp" 846
"E:/Unreal Projects/CTF/Content/ShowRoom/ShowRoomLevel1.uexp" 847
"E:/Unreal Projects/CTF/Content/ShowRoom/ShowRoomLevel1.umap" 848
